2018-07-23 16:54:08.881 +03:00 [Information] Now starting LOS ClientPortal XCom Runner ...
2018-07-23 16:54:10.145 +03:00 [Debug] {"$type":"Los.Common.Events.Application.LoanUpdatedEvent, Los.Common.Events","Names":["BorrowerProfileIds"],"Values":[["9b9c157d-1e86-454e-961f-a8e43087f290","e1fdcc30-6876-48d8-86b6-41f21c6c9165"]],"EntityType":0,"LoanId":"00000000-0000-0000-0000-000000000000","Id":"6336e4e4-e8f9-4e62-b54e-87719807be11","Actor":"509d3962-8e14-49da-8ec7-3972c60b0d40","AggregateId":"90687332-4275-4495-837b-c081a1ef2687","EntityId":"90687332-4275-4495-837b-c081a1ef2687","Version":"AQAAAA==","Reason":"a2789a65-8069-4fc5-b8a0-fb210a9f51b5"}
2018-07-23 16:54:11.962 +03:00 [Error] Error in "ApplicationXComEventConsumer"
Los.Core.Exceptions.AggregateNotFoundException: Correlation Id: 2ea1ec99-7ff1-48cf-aee6-eb966b7ef82f / User Message: Internal server error. / Message: Can't find aggregate [90687332-4275-4495-837b-c081a1ef2687] of type [Loan]!
   at Los.Core.Domain.DomainRepositoryExtensions.GetOrThrowById[TAggregate](IDomainRepository`1 repository, Guid id) in C:\IVELIN\PROJECTS\LOS\src\Common\Los.Core\Domain\DomainRepositoryExtensions.cs:line 23
   at Los.ClientPortal.Events.XCom.ApplicationPortal.LoanUpdatedEventHandler.Handle(LoanUpdatedEvent message) in C:\IVELIN\PROJECTS\LOS\src\CQRS\Los.ClientPortal.Events\XCom\ApplicationPortal\LoanUpdatedEventHandler.cs:line 47
   at Los.Core.Bus.Bus.<>c__DisplayClass7_0`1.<RegisterHandler>b__0(IMessage x) in C:\IVELIN\PROJECTS\LOS\src\Common\Los.Core\Bus\Bus.cs:line 61
   at Los.Core.Bus.Bus.Publish[T](T event, IAggregateRoot _) in C:\IVELIN\PROJECTS\LOS\src\Common\Los.Core\Bus\Bus.cs:line 45
   at Los.Core.Events.EventManager.<>c__DisplayClass8_0`1.<Publish>b__0(IEventProcessor x) in C:\IVELIN\PROJECTS\LOS\src\Common\Los.Core\Events\EventManager.cs:line 65
   at System.Collections.Generic.List`1.ForEach(Action`1 action)
   at Los.Core.Events.EventManager.Publish[T](T event, IAggregateRoot aggregate) in C:\IVELIN\PROJECTS\LOS\src\Common\Los.Core\Events\EventManager.cs:line 65
   at Los.Core.Events.IEventManagerExtensions.Publish[T](IEventManager eventManager, T event) in C:\IVELIN\PROJECTS\LOS\src\Common\Los.Core\Events\IEventManager.cs:line 29
   at Los.ClientPortal.XCom.Runner.ApplicationXComEventConsumer.<Consume>d__4.MoveNext() in C:\IVELIN\PROJECTS\LOS\src\Infrastructure\Los.ClientPortal.XCom.Runner\ApplicationXComEventConsumer.cs:line 81
2018-07-23 16:54:11.987 +03:00 [Debug] {"$type":"Los.Common.Events.Application.BorrowerProfileCreatedEvent, Los.Common.Events","LoanId":"90687332-4275-4495-837b-c081a1ef2687","BorrowerNumber":2,"FirstName":"x","MiddleName":null,"LastName":"x","Suffix":null,"Phones":[],"Email":"x@x.x","Ssn":null,"BirthDate":null,"Dependents":null,"AgeOfDependents":[],"YearsOfSchool":null,"MaritalStatus":null,"PresentAddressId":null,"PresentAddressOccupancyStatus":null,"PresentAddressMonthlyRent":null,"PresentAddressTimeLivedMonths":null,"PreviousResidencies":[],"MailingAddressId":null,"PreferredContactMethod":null,"ServedForMilitary":null,"ActiveDutyExpDate":null,"MilitaryServiceTypes":[],"Id":"0430a3ce-7b75-4e45-9a16-17dbd6658a12","Actor":"509d3962-8e14-49da-8ec7-3972c60b0d40","AggregateId":"e1fdcc30-6876-48d8-86b6-41f21c6c9165","EntityId":"e1fdcc30-6876-48d8-86b6-41f21c6c9165","Version":"","Reason":"a2789a65-8069-4fc5-b8a0-fb210a9f51b5"}
2018-07-23 16:54:12.497 +03:00 [Error] Error in "ApplicationXComEventConsumer"
Microsoft.EntityFrameworkCore.DbUpdateException: An error occurred while updating the entries. See the inner exception for details. ---> System.Data.SqlClient.SqlException: The INSERT statement conflicted with the FOREIGN KEY constraint "FK_ClientPortal_BorrowerProfiles_ClientPortal_Loans_LoanId". The conflict occurred in database "LOS.clientPortal", table "dbo.ClientPortal_Loans", column 'Id'.
The statement has been terminated.
   at System.Data.SqlClient.SqlCommand.<>c.<ExecuteDbDataReaderAsync>b__174_0(Task`1 result)
   at System.Threading.Tasks.ContinuationResultTaskFromResultTask`2.InnerInvoke()
   at System.Threading.Tasks.Task.Execute()
--- End of stack trace from previous location where exception was thrown ---
   at System.Runtime.CompilerServices.TaskAwaiter.ThrowForNonSuccess(Task task)
   at System.Runtime.CompilerServices.TaskAwaiter.HandleNonSuccessAndDebuggerNotification(Task task)
   at System.Runtime.CompilerServices.TaskAwaiter.ValidateEnd(Task task)
   at Microsoft.EntityFrameworkCore.Storage.Internal.RelationalCommand.<ExecuteAsync>d__17.MoveNext()
--- End of stack trace from previous location where exception was thrown ---
   at System.Runtime.CompilerServices.TaskAwaiter.ThrowForNonSuccess(Task task)
   at System.Runtime.CompilerServices.TaskAwaiter.HandleNonSuccessAndDebuggerNotification(Task task)
   at Microsoft.EntityFrameworkCore.Update.ReaderModificationCommandBatch.<ExecuteAsync>d__32.MoveNext()
   --- End of inner exception stack trace ---
   at Microsoft.EntityFrameworkCore.Update.ReaderModificationCommandBatch.<ExecuteAsync>d__32.MoveNext()
--- End of stack trace from previous location where exception was thrown ---
   at System.Runtime.CompilerServices.TaskAwaiter.ThrowForNonSuccess(Task task)
   at System.Runtime.CompilerServices.TaskAwaiter.HandleNonSuccessAndDebuggerNotification(Task task)
   at Microsoft.EntityFrameworkCore.Update.Internal.BatchExecutor.<ExecuteAsync>d__10.MoveNext()
--- End of stack trace from previous location where exception was thrown ---
   at System.Runtime.CompilerServices.TaskAwaiter.ThrowForNonSuccess(Task task)
   at System.Runtime.CompilerServices.TaskAwaiter.HandleNonSuccessAndDebuggerNotification(Task task)
   at Microsoft.EntityFrameworkCore.Storage.Internal.SqlServerExecutionStrategy.<ExecuteAsync>d__7`2.MoveNext()
--- End of stack trace from previous location where exception was thrown ---
   at System.Runtime.CompilerServices.TaskAwaiter.ThrowForNonSuccess(Task task)
   at System.Runtime.CompilerServices.TaskAwaiter.HandleNonSuccessAndDebuggerNotification(Task task)
   at Microsoft.EntityFrameworkCore.ChangeTracking.Internal.StateManager.<SaveChangesAsync>d__61.MoveNext()
--- End of stack trace from previous location where exception was thrown ---
   at System.Runtime.CompilerServices.TaskAwaiter.ThrowForNonSuccess(Task task)
   at System.Runtime.CompilerServices.TaskAwaiter.HandleNonSuccessAndDebuggerNotification(Task task)
   at Microsoft.EntityFrameworkCore.ChangeTracking.Internal.StateManager.<SaveChangesAsync>d__59.MoveNext()
--- End of stack trace from previous location where exception was thrown ---
   at System.Runtime.CompilerServices.TaskAwaiter.ThrowForNonSuccess(Task task)
   at System.Runtime.CompilerServices.TaskAwaiter.HandleNonSuccessAndDebuggerNotification(Task task)
   at Microsoft.EntityFrameworkCore.DbContext.<SaveChangesAsync>d__48.MoveNext()
--- End of stack trace from previous location where exception was thrown ---
   at System.Runtime.CompilerServices.TaskAwaiter.ThrowForNonSuccess(Task task)
   at System.Runtime.CompilerServices.TaskAwaiter.HandleNonSuccessAndDebuggerNotification(Task task)
   at System.Runtime.CompilerServices.TaskAwaiter`1.GetResult()
   at Los.Core.DAL.Context.DbContextUnitOfWork`1.<CommitAsync>d__13.MoveNext() in C:\IVELIN\PROJECTS\LOS\src\DAL\Los.Core.DAL\Context\DbContextUnitOfWork.cs:line 75
--- End of stack trace from previous location where exception was thrown ---
   at System.Runtime.CompilerServices.TaskAwaiter.ThrowForNonSuccess(Task task)
   at System.Runtime.CompilerServices.TaskAwaiter.HandleNonSuccessAndDebuggerNotification(Task task)
   at System.Runtime.CompilerServices.TaskAwaiter.GetResult()
   at Los.Core.Junk.TailUnitOfWork.<CommitAsync>d__19.MoveNext() in C:\IVELIN\PROJECTS\LOS\src\Common\Los.Core\Junk\TailUnitOfWork.cs:line 92
--- End of stack trace from previous location where exception was thrown ---
   at System.Runtime.CompilerServices.TaskAwaiter.ThrowForNonSuccess(Task task)
   at System.Runtime.CompilerServices.TaskAwaiter.HandleNonSuccessAndDebuggerNotification(Task task)
   at System.Runtime.CompilerServices.TaskAwaiter.GetResult()
   at Los.ClientPortal.XCom.Runner.ApplicationXComEventConsumer.<Consume>d__4.MoveNext() in C:\IVELIN\PROJECTS\LOS\src\Infrastructure\Los.ClientPortal.XCom.Runner\ApplicationXComEventConsumer.cs:line 84
2018-07-23 16:54:12.539 +03:00 [Debug] {"$type":"Los.Common.Events.Application.BorrowerProfileUpdatedEvent, Los.Common.Events","Names":["FirstName","MiddleName","BirthDate","PresentAddressId"],"Values":["testhjkjhkkhjkhjkkjljkljljljljljljljljjjljjjljjjjjjjjjjjjjjjjjjjjjjjjjjjjjjjjjjjjjjjjjjjjjjjjjjjjjjjjjjjjjjjjjjjjjj","testhjkhjkhkhjkhjkhjk","2018-06-14T00:00:00+00:00","b08d4c0e-d038-4179-a93c-d33caba50197"],"EntityType":2,"LoanId":"8bf7362f-0bde-4700-9f55-6dcc1ec49aad","Id":"d6836947-9368-471a-8abd-b3adf1ffbb1e","Actor":"d7e6ab4b-de85-4486-a768-5d2658de7543","AggregateId":"97a22f46-c901-4f3d-856d-89fccf83c9be","EntityId":"97a22f46-c901-4f3d-856d-89fccf83c9be","Version":"CAAAAA==","Reason":"7f1c0981-e91a-4ad1-83c8-711a7c890d85"}
2018-07-23 16:54:12.693 +03:00 [Debug] {"$type":"Los.Common.Events.Application.BorrowerProfileUpdatedEvent, Los.Common.Events","Names":["FirstName"],"Values":["ffffffffffffffffffffffffffffffffffffffff"],"EntityType":2,"LoanId":"8bf7362f-0bde-4700-9f55-6dcc1ec49aad","Id":"afed6bef-e8c6-48fe-a3f1-976486e2b831","Actor":"d7e6ab4b-de85-4486-a768-5d2658de7543","AggregateId":"97a22f46-c901-4f3d-856d-89fccf83c9be","EntityId":"97a22f46-c901-4f3d-856d-89fccf83c9be","Version":"CQAAAA==","Reason":"17b81bc2-0118-474a-8d24-f860d6721810"}
2018-07-23 16:54:12.803 +03:00 [Debug] {"$type":"Los.Common.Events.Application.BorrowerProfileUpdatedEvent, Los.Common.Events","Names":["FirstName","MiddleName","LastName","Suffix"],"Values":["kkkkkkkkkkkkkkkkkkkkk","tkkkkkkkkkkkkkkkkkkkkkk","kkkkkkkkkkkkkkkkkk","iiiiiiiiiiiiiiiiiiii"],"EntityType":2,"LoanId":"8bf7362f-0bde-4700-9f55-6dcc1ec49aad","Id":"a17d412f-3f71-48c3-99ef-bef777abfdf4","Actor":"d7e6ab4b-de85-4486-a768-5d2658de7543","AggregateId":"97a22f46-c901-4f3d-856d-89fccf83c9be","EntityId":"97a22f46-c901-4f3d-856d-89fccf83c9be","Version":"CgAAAA==","Reason":"61198af3-4b90-4425-82bf-8719292e371a"}
2018-07-23 16:54:12.918 +03:00 [Debug] {"$type":"Los.Common.Events.Application.BorrowerProfileUpdatedEvent, Los.Common.Events","Names":["FirstName"],"Values":["uuuuuuuuuuuuuuuuuuuuuuuuuuuuuuu"],"EntityType":2,"LoanId":"8bf7362f-0bde-4700-9f55-6dcc1ec49aad","Id":"0c85203f-138c-48c6-aa06-030f268f24f7","Actor":"d7e6ab4b-de85-4486-a768-5d2658de7543","AggregateId":"97a22f46-c901-4f3d-856d-89fccf83c9be","EntityId":"97a22f46-c901-4f3d-856d-89fccf83c9be","Version":"CwAAAA==","Reason":"b3261836-99e3-4abd-8ab9-6c24f6e78314"}
2018-07-23 16:54:13.031 +03:00 [Debug] {"$type":"Los.Common.Events.Application.BorrowerProfileUpdatedEvent, Los.Common.Events","Names":["FirstName","ServedForMilitary"],"Values":["hhhhhhhhhhhhhhhhhhhhhhhhhhhhhhh",false],"EntityType":2,"LoanId":"8bf7362f-0bde-4700-9f55-6dcc1ec49aad","Id":"2cf041fa-b0dd-4ee7-bf01-410383a92a10","Actor":"d7e6ab4b-de85-4486-a768-5d2658de7543","AggregateId":"97a22f46-c901-4f3d-856d-89fccf83c9be","EntityId":"97a22f46-c901-4f3d-856d-89fccf83c9be","Version":"DAAAAA==","Reason":"1ec89d5a-b2c1-4668-a877-9f08242912dd"}
2018-07-23 16:54:13.149 +03:00 [Debug] {"$type":"Los.Common.Events.Application.BorrowerProfileUpdatedEvent, Los.Common.Events","Names":["FirstName"],"Values":["aaaaaaaaaaaaaaaaaaaaaaaa"],"EntityType":2,"LoanId":"8bf7362f-0bde-4700-9f55-6dcc1ec49aad","Id":"ccdad386-c52d-4468-81ee-fa86c6ade765","Actor":"d7e6ab4b-de85-4486-a768-5d2658de7543","AggregateId":"97a22f46-c901-4f3d-856d-89fccf83c9be","EntityId":"97a22f46-c901-4f3d-856d-89fccf83c9be","Version":"DQAAAA==","Reason":"8671923c-3fec-478a-8f6d-19d45278bf80"}
2018-07-23 16:54:13.257 +03:00 [Debug] {"$type":"Los.Common.Events.Application.LoanUpdatedEvent, Los.Common.Events","Names":["BorrowerProfileIds"],"Values":[["9b9c157d-1e86-454e-961f-a8e43087f290","e1fdcc30-6876-48d8-86b6-41f21c6c9165"]],"EntityType":0,"LoanId":"00000000-0000-0000-0000-000000000000","Id":"6336e4e4-e8f9-4e62-b54e-87719807be11","Actor":"509d3962-8e14-49da-8ec7-3972c60b0d40","AggregateId":"90687332-4275-4495-837b-c081a1ef2687","EntityId":"90687332-4275-4495-837b-c081a1ef2687","Version":"AQAAAA==","Reason":"a2789a65-8069-4fc5-b8a0-fb210a9f51b5"}
2018-07-23 16:54:13.379 +03:00 [Error] Error in "ApplicationXComEventConsumer"
Los.Core.Exceptions.AggregateNotFoundException: Correlation Id: f1bdf033-0807-4814-9e9c-fe348d5e9456 / User Message: Internal server error. / Message: Can't find aggregate [90687332-4275-4495-837b-c081a1ef2687] of type [Loan]!
   at Los.Core.Domain.DomainRepositoryExtensions.GetOrThrowById[TAggregate](IDomainRepository`1 repository, Guid id) in C:\IVELIN\PROJECTS\LOS\src\Common\Los.Core\Domain\DomainRepositoryExtensions.cs:line 23
   at Los.ClientPortal.Events.XCom.ApplicationPortal.LoanUpdatedEventHandler.Handle(LoanUpdatedEvent message) in C:\IVELIN\PROJECTS\LOS\src\CQRS\Los.ClientPortal.Events\XCom\ApplicationPortal\LoanUpdatedEventHandler.cs:line 47
   at Los.Core.Bus.Bus.<>c__DisplayClass7_0`1.<RegisterHandler>b__0(IMessage x) in C:\IVELIN\PROJECTS\LOS\src\Common\Los.Core\Bus\Bus.cs:line 61
   at Los.Core.Bus.Bus.Publish[T](T event, IAggregateRoot _) in C:\IVELIN\PROJECTS\LOS\src\Common\Los.Core\Bus\Bus.cs:line 45
   at Los.Core.Events.EventManager.<>c__DisplayClass8_0`1.<Publish>b__0(IEventProcessor x) in C:\IVELIN\PROJECTS\LOS\src\Common\Los.Core\Events\EventManager.cs:line 65
   at System.Collections.Generic.List`1.ForEach(Action`1 action)
   at Los.Core.Events.EventManager.Publish[T](T event, IAggregateRoot aggregate) in C:\IVELIN\PROJECTS\LOS\src\Common\Los.Core\Events\EventManager.cs:line 65
   at Los.Core.Events.IEventManagerExtensions.Publish[T](IEventManager eventManager, T event) in C:\IVELIN\PROJECTS\LOS\src\Common\Los.Core\Events\IEventManager.cs:line 29
   at Los.ClientPortal.XCom.Runner.ApplicationXComEventConsumer.<Consume>d__4.MoveNext() in C:\IVELIN\PROJECTS\LOS\src\Infrastructure\Los.ClientPortal.XCom.Runner\ApplicationXComEventConsumer.cs:line 81
2018-07-23 16:54:13.386 +03:00 [Debug] {"$type":"Los.Common.Events.Application.BorrowerProfileCreatedEvent, Los.Common.Events","LoanId":"90687332-4275-4495-837b-c081a1ef2687","BorrowerNumber":2,"FirstName":"x","MiddleName":null,"LastName":"x","Suffix":null,"Phones":[],"Email":"x@x.x","Ssn":null,"BirthDate":null,"Dependents":null,"AgeOfDependents":[],"YearsOfSchool":null,"MaritalStatus":null,"PresentAddressId":null,"PresentAddressOccupancyStatus":null,"PresentAddressMonthlyRent":null,"PresentAddressTimeLivedMonths":null,"PreviousResidencies":[],"MailingAddressId":null,"PreferredContactMethod":null,"ServedForMilitary":null,"ActiveDutyExpDate":null,"MilitaryServiceTypes":[],"Id":"0430a3ce-7b75-4e45-9a16-17dbd6658a12","Actor":"509d3962-8e14-49da-8ec7-3972c60b0d40","AggregateId":"e1fdcc30-6876-48d8-86b6-41f21c6c9165","EntityId":"e1fdcc30-6876-48d8-86b6-41f21c6c9165","Version":"","Reason":"a2789a65-8069-4fc5-b8a0-fb210a9f51b5"}
2018-07-23 16:54:13.520 +03:00 [Error] Error in "ApplicationXComEventConsumer"
Los.Core.Common.ConcurrencyException: Stale data cannot be updated.
   at Los.EventSourcing.GetEventStore.GetEventStore.CheckEventsForConcurrency() in C:\IVELIN\PROJECTS\LOS\src\Infrastructure\Los.EventSourcing\GetEventStore\GetEventStore.cs:line 232
   at Los.EventSourcing.GetEventStore.GetEventStore.<CommitAsync>d__16.MoveNext() in C:\IVELIN\PROJECTS\LOS\src\Infrastructure\Los.EventSourcing\GetEventStore\GetEventStore.cs:line 200
--- End of stack trace from previous location where exception was thrown ---
   at System.Runtime.CompilerServices.TaskAwaiter.ThrowForNonSuccess(Task task)
   at System.Runtime.CompilerServices.TaskAwaiter.HandleNonSuccessAndDebuggerNotification(Task task)
   at System.Runtime.CompilerServices.TaskAwaiter.GetResult()
   at Los.Core.Junk.TailUnitOfWork.<CommitAsync>d__19.MoveNext() in C:\IVELIN\PROJECTS\LOS\src\Common\Los.Core\Junk\TailUnitOfWork.cs:line 83
--- End of stack trace from previous location where exception was thrown ---
   at System.Runtime.CompilerServices.TaskAwaiter.ThrowForNonSuccess(Task task)
   at System.Runtime.CompilerServices.TaskAwaiter.HandleNonSuccessAndDebuggerNotification(Task task)
   at System.Runtime.CompilerServices.TaskAwaiter.GetResult()
   at Los.ClientPortal.XCom.Runner.ApplicationXComEventConsumer.<Consume>d__4.MoveNext() in C:\IVELIN\PROJECTS\LOS\src\Infrastructure\Los.ClientPortal.XCom.Runner\ApplicationXComEventConsumer.cs:line 84
2018-07-23 16:54:13.530 +03:00 [Debug] {"$type":"Los.Common.Events.Application.LoanUpdatedEvent, Los.Common.Events","Names":["BorrowerProfileIds"],"Values":[["9b9c157d-1e86-454e-961f-a8e43087f290","e1fdcc30-6876-48d8-86b6-41f21c6c9165"]],"EntityType":0,"LoanId":"00000000-0000-0000-0000-000000000000","Id":"6336e4e4-e8f9-4e62-b54e-87719807be11","Actor":"509d3962-8e14-49da-8ec7-3972c60b0d40","AggregateId":"90687332-4275-4495-837b-c081a1ef2687","EntityId":"90687332-4275-4495-837b-c081a1ef2687","Version":"AQAAAA==","Reason":"a2789a65-8069-4fc5-b8a0-fb210a9f51b5"}
2018-07-23 16:54:13.657 +03:00 [Error] Error in "ApplicationXComEventConsumer"
Los.Core.Exceptions.AggregateNotFoundException: Correlation Id: 313f2811-89dc-46b1-9385-ad647c8e80a6 / User Message: Internal server error. / Message: Can't find aggregate [90687332-4275-4495-837b-c081a1ef2687] of type [Loan]!
   at Los.Core.Domain.DomainRepositoryExtensions.GetOrThrowById[TAggregate](IDomainRepository`1 repository, Guid id) in C:\IVELIN\PROJECTS\LOS\src\Common\Los.Core\Domain\DomainRepositoryExtensions.cs:line 23
   at Los.ClientPortal.Events.XCom.ApplicationPortal.LoanUpdatedEventHandler.Handle(LoanUpdatedEvent message) in C:\IVELIN\PROJECTS\LOS\src\CQRS\Los.ClientPortal.Events\XCom\ApplicationPortal\LoanUpdatedEventHandler.cs:line 47
   at Los.Core.Bus.Bus.<>c__DisplayClass7_0`1.<RegisterHandler>b__0(IMessage x) in C:\IVELIN\PROJECTS\LOS\src\Common\Los.Core\Bus\Bus.cs:line 61
   at Los.Core.Bus.Bus.Publish[T](T event, IAggregateRoot _) in C:\IVELIN\PROJECTS\LOS\src\Common\Los.Core\Bus\Bus.cs:line 45
   at Los.Core.Events.EventManager.<>c__DisplayClass8_0`1.<Publish>b__0(IEventProcessor x) in C:\IVELIN\PROJECTS\LOS\src\Common\Los.Core\Events\EventManager.cs:line 65
   at System.Collections.Generic.List`1.ForEach(Action`1 action)
   at Los.Core.Events.EventManager.Publish[T](T event, IAggregateRoot aggregate) in C:\IVELIN\PROJECTS\LOS\src\Common\Los.Core\Events\EventManager.cs:line 65
   at Los.Core.Events.IEventManagerExtensions.Publish[T](IEventManager eventManager, T event) in C:\IVELIN\PROJECTS\LOS\src\Common\Los.Core\Events\IEventManager.cs:line 29
   at Los.ClientPortal.XCom.Runner.ApplicationXComEventConsumer.<Consume>d__4.MoveNext() in C:\IVELIN\PROJECTS\LOS\src\Infrastructure\Los.ClientPortal.XCom.Runner\ApplicationXComEventConsumer.cs:line 81
2018-07-23 16:54:18.503 +03:00 [Information] Now starting LOS ClientPortal XCom Runner ...
2018-07-23 17:14:57.984 +03:00 [Debug] {"$type":"Los.Common.Events.Application.LoanCreatedEvent, Los.Common.Events","LoanId":"ff9dac0a-f320-4556-8971-410c13fa8369","CompanyId":"87df74da-9829-45be-9d66-1446eb5445e6","CreatedDateTime":"2018-07-23T17:14:55.9341513+03:00","LeadNumber":"103870482804","Id":"9b0a6e97-9eee-4ce2-9293-656ab195cdb1","Actor":"980b19f8-ddc4-4fd2-a2f0-64f20ab4c322","AggregateId":"ff9dac0a-f320-4556-8971-410c13fa8369","EntityId":"ff9dac0a-f320-4556-8971-410c13fa8369","Version":"","Reason":"6f013a54-7917-4bd5-a7fa-d5cd53622533"}
2018-07-23 17:15:00.343 +03:00 [Debug] {"$type":"Los.Common.Events.Application.LoanUpdatedEvent, Los.Common.Events","Names":["BorrowerProfileIds"],"Values":[["9ae4d484-23ae-49ba-9f03-ef801b53aba0"]],"EntityType":0,"LoanId":"00000000-0000-0000-0000-000000000000","Id":"455b28e0-8959-47d1-8a88-d9a723f3d21a","Actor":"980b19f8-ddc4-4fd2-a2f0-64f20ab4c322","AggregateId":"ff9dac0a-f320-4556-8971-410c13fa8369","EntityId":"ff9dac0a-f320-4556-8971-410c13fa8369","Version":"","Reason":"6f013a54-7917-4bd5-a7fa-d5cd53622533"}
2018-07-23 17:15:00.548 +03:00 [Debug] {"$type":"Los.Common.Events.Application.BorrowerProfileCreatedEvent, Los.Common.Events","LoanId":"ff9dac0a-f320-4556-8971-410c13fa8369","BorrowerNumber":1,"FirstName":"a","MiddleName":null,"LastName":"a","Suffix":null,"Phones":[{"$type":"Los.Common.Events.Application.BorrowerPhoneEventInfo, Los.Common.Events","Id":"58184e85-b9ea-4d3a-a3cf-d35851b81ef8","PhoneNumber":"222-222-2222","PhoneType":null}],"Email":"a@a.a","Ssn":null,"BirthDate":null,"Dependents":null,"AgeOfDependents":[],"YearsOfSchool":null,"MaritalStatus":null,"PresentAddressId":null,"PresentAddressOccupancyStatus":null,"PresentAddressMonthlyRent":null,"PresentAddressTimeLivedMonths":null,"PreviousResidencies":[],"MailingAddressId":null,"PreferredContactMethod":2,"ServedForMilitary":null,"ActiveDutyExpDate":null,"MilitaryServiceTypes":[],"Id":"644e8d2c-ae57-44a3-83d2-ce693368f649","Actor":"980b19f8-ddc4-4fd2-a2f0-64f20ab4c322","AggregateId":"9ae4d484-23ae-49ba-9f03-ef801b53aba0","EntityId":"9ae4d484-23ae-49ba-9f03-ef801b53aba0","Version":"","Reason":"6f013a54-7917-4bd5-a7fa-d5cd53622533"}
2018-07-23 17:15:00.820 +03:00 [Debug] {"$type":"Los.Common.Events.Application.LoanDetailsCreatedEvent, Los.Common.Events","LoanId":"ff9dac0a-f320-4556-8971-410c13fa8369","LoanPurpose":1,"RefinancePrimaryPurposeType":null,"LoanAmount":null,"PurchasePrice":null,"DownPayment":null,"PropertyOwnership":2,"Id":"4f0d8a13-b5e0-423b-b756-4de46c59664e","Actor":"980b19f8-ddc4-4fd2-a2f0-64f20ab4c322","AggregateId":"06eac806-b1e1-4894-8e72-a089bf9cee8d","EntityId":"06eac806-b1e1-4894-8e72-a089bf9cee8d","Version":"","Reason":"6f013a54-7917-4bd5-a7fa-d5cd53622533"}
2018-07-23 17:24:43.805 +03:00 [Debug] {"$type":"Los.Common.Events.Application.BorrowerProfileUpdatedEvent, Los.Common.Events","Names":["Dependents","PresentAddressId"],"Values":[0,"6e8c5fdb-0108-4b98-bbf0-10cf6f628d3e"],"EntityType":2,"LoanId":"ff9dac0a-f320-4556-8971-410c13fa8369","Id":"9c8c472a-daf3-4ab9-8fd9-f5d2f8b95a0d","Actor":"e948e4e1-470f-40eb-8bdc-d2364055244e","AggregateId":"9ae4d484-23ae-49ba-9f03-ef801b53aba0","EntityId":"9ae4d484-23ae-49ba-9f03-ef801b53aba0","Version":"AAAAAA==","Reason":"6eeb47f3-4248-4607-ae52-0e806932b60c"}
2018-07-23 18:21:49.662 +03:00 [Debug] {"$type":"Los.Common.Events.Application.LoanCreatedEvent, Los.Common.Events","LoanId":"2fe199f4-49da-45e1-914f-053c3d658f14","CompanyId":"87df74da-9829-45be-9d66-1446eb5445e6","CreatedDateTime":"2018-07-23T18:21:47.729225+03:00","LeadNumber":"104282347867","Id":"a238f69c-283e-40fc-8c39-41521107cf4c","Actor":"76c0addb-db55-4daa-b6f5-8e309234677b","AggregateId":"2fe199f4-49da-45e1-914f-053c3d658f14","EntityId":"2fe199f4-49da-45e1-914f-053c3d658f14","Version":"","Reason":"6a6a864a-8689-464b-8015-db85718fbeb8"}
2018-07-23 18:21:49.947 +03:00 [Debug] {"$type":"Los.Common.Events.Application.LoanUpdatedEvent, Los.Common.Events","Names":["BorrowerProfileIds"],"Values":[["edb3d758-c0e8-4a1d-9e0b-a43aa58e71e4"]],"EntityType":0,"LoanId":"00000000-0000-0000-0000-000000000000","Id":"d97a3b4e-95d6-46b9-a2ea-e3dac5de1fce","Actor":"76c0addb-db55-4daa-b6f5-8e309234677b","AggregateId":"2fe199f4-49da-45e1-914f-053c3d658f14","EntityId":"2fe199f4-49da-45e1-914f-053c3d658f14","Version":"","Reason":"6a6a864a-8689-464b-8015-db85718fbeb8"}
2018-07-23 18:21:50.109 +03:00 [Debug] {"$type":"Los.Common.Events.Application.BorrowerProfileCreatedEvent, Los.Common.Events","LoanId":"2fe199f4-49da-45e1-914f-053c3d658f14","BorrowerNumber":1,"FirstName":"b","MiddleName":null,"LastName":"b","Suffix":null,"Phones":[{"$type":"Los.Common.Events.Application.BorrowerPhoneEventInfo, Los.Common.Events","Id":"a4d4c2f9-71a9-4d75-adb3-94812bf54c2f","PhoneNumber":"987-654-3210","PhoneType":null}],"Email":"b@b.b","Ssn":null,"BirthDate":null,"Dependents":null,"AgeOfDependents":[],"YearsOfSchool":null,"MaritalStatus":null,"PresentAddressId":null,"PresentAddressOccupancyStatus":null,"PresentAddressMonthlyRent":null,"PresentAddressTimeLivedMonths":null,"PreviousResidencies":[],"MailingAddressId":null,"PreferredContactMethod":2,"ServedForMilitary":null,"ActiveDutyExpDate":null,"MilitaryServiceTypes":[],"Id":"2495b4a6-5d1b-4a75-91e3-f26c78973d3c","Actor":"76c0addb-db55-4daa-b6f5-8e309234677b","AggregateId":"edb3d758-c0e8-4a1d-9e0b-a43aa58e71e4","EntityId":"edb3d758-c0e8-4a1d-9e0b-a43aa58e71e4","Version":"","Reason":"6a6a864a-8689-464b-8015-db85718fbeb8"}
2018-07-23 18:21:50.256 +03:00 [Debug] {"$type":"Los.Common.Events.Application.LoanDetailsCreatedEvent, Los.Common.Events","LoanId":"2fe199f4-49da-45e1-914f-053c3d658f14","LoanPurpose":1,"RefinancePrimaryPurposeType":null,"LoanAmount":null,"PurchasePrice":null,"DownPayment":null,"PropertyOwnership":2,"Id":"89db0fe7-36a4-40b9-aa6c-035e5c65921f","Actor":"76c0addb-db55-4daa-b6f5-8e309234677b","AggregateId":"074d4a43-0190-446d-952f-c06700511cc4","EntityId":"074d4a43-0190-446d-952f-c06700511cc4","Version":"","Reason":"6a6a864a-8689-464b-8015-db85718fbeb8"}
2018-07-23 18:22:06.834 +03:00 [Debug] {"$type":"Los.Common.Events.Application.BorrowerProfileUpdatedEvent, Los.Common.Events","Names":["Dependents","PresentAddressId"],"Values":[0,"b578e98a-6642-4ecc-8c32-ea2e9f1f5913"],"EntityType":2,"LoanId":"2fe199f4-49da-45e1-914f-053c3d658f14","Id":"609a9078-7f5c-4e68-848e-90fcbd504901","Actor":"ffa6330d-412a-48f1-9178-0194d022271b","AggregateId":"edb3d758-c0e8-4a1d-9e0b-a43aa58e71e4","EntityId":"edb3d758-c0e8-4a1d-9e0b-a43aa58e71e4","Version":"AAAAAA==","Reason":"d4a675a0-f278-4382-83d6-a1b3cc629281"}
